Arguments: 
  C:\Program Files\nodejs\node.exe C:\Users\Stefany\AppData\Roaming\npm\node_modules\yarn\bin\yarn.js sta

PATH: 
  C:\Program Files\Git\mingw64\bin;C:\Program Files\Git\usr\bin;C:\Users\Stefany\bin;C:\Program Files (x86)\Intel\iCLS Client;C:\Program Files\Intel\iCLS Client;C:\WINDOWS\system32;C:\WINDOWS;C:\WINDOWS\System32\Wbem;C:\WINDOWS\System32\WindowsPowerShell\v1.0;C:\Program Files\Intel\Intel(R) Management Engine Components\DAL;C:\Program Files\Intel\Intel(R) Management Engine Components\IPT;C:\Program Files (x86)\Intel\Intel(R) Management Engine Components\DAL;C:\Program Files (x86)\Intel\Intel(R) Management Engine Components\IPT;C:\Program Files\Intel\WiFi\bin;C:\Program Files\Common Files\Intel\WirelessCommon;C:\Program Files\nodejs;C:\Program Files\Git\cmd;C:\xampp\php;C:\Users\Stefany\AppData\Local\Microsoft\WindowsApps;C:\Program Files\Heroku\bin;C:\Users\Stefany\AppData\Roaming\npm;C:\Program Files\Microsoft VS Code\bin;C:\Program Files\MongoDB\Server\3.6\bin

Yarn version: 
  1.5.1

Node version: 
  6.11.4

Platform: 
  win32 x64

npm manifest: 
  {
    "name": "beijoboxapp",
    "version": "1.0.0",
    "description": "",
    "main": "index.js",
    "scripts": {
      "server": "node server.js",
      "client": "node scripts/start-client.js",
      "start": "concurrently \"nodemon server.js\" \"npm run client\"",
      "build": "node scripts/build.js",
      "seed": "node scripts/seedDB.js",
      "test": "jest"
    },
    "keywords": [],
    "author": "",
    "license": "ISC",
    "devDependencies": {
      "concurrently": "^3.5.1",
      "jest": "^22.4.2",
      "nodemon": "^1.17.2"
    },
    "dependencies": {
      "bootstrap": "^4.0.0"
    }
  }

yarn manifest: 
  No manifest

Lockfile: 
  No lockfile

Trace: 
  Error: Command "sta" not found.
      at MessageError.Error (native)
      at new MessageError (C:\Users\Stefany\AppData\Roaming\npm\node_modules\yarn\lib\cli.js:186:110)
      at C:\Users\Stefany\AppData\Roaming\npm\node_modules\yarn\lib\cli.js:87307:17
      at next (native)
      at step (C:\Users\Stefany\AppData\Roaming\npm\node_modules\yarn\lib\cli.js:98:30)
      at C:\Users\Stefany\AppData\Roaming\npm\node_modules\yarn\lib\cli.js:116:14
      at Promise.F (C:\Users\Stefany\AppData\Roaming\npm\node_modules\yarn\lib\cli.js:23451:28)
      at C:\Users\Stefany\AppData\Roaming\npm\node_modules\yarn\lib\cli.js:95:12
      at runCommand (C:\Users\Stefany\AppData\Roaming\npm\node_modules\yarn\lib\cli.js:87312:22)
      at Object.<anonymous> (C:\Users\Stefany\AppData\Roaming\npm\node_modules\yarn\lib\cli.js:87412:14)
